<?xml version="1.0" encoding="UTF-8"?>
<!-- Generated by org.testng.reporters.JUnitReportReporter -->
<testsuite hostname="MacBookPro.lan" failures="0" tests="1" name="com.aryan.DatabaseConnectionTest" time="0.481" errors="0" timestamp="2025-02-24T01:38:55 IST" skipped="0">
  <testcase classname="com.aryan.DatabaseConnectionTest" name="testDatabaseConnection" time="0.481"/>
</testsuite> <!-- com.aryan.DatabaseConnectionTest -->
