<?xml version="1.0" encoding="UTF-8"?>
<!-- Generated by org.testng.reporters.JUnitReportReporter -->
<testsuite hostname="Aryans-MacBook-Pro.local" failures="0" tests="2" name="runners.TestRunner" time="6.248" errors="0" timestamp="2025-03-06T11:30:36 IST" skipped="0">
  <testcase classname="runners.TestRunner" name="runScenario" time="4.216"/>
  <testcase classname="runners.TestRunner" name="runScenario" time="2.032"/>
</testsuite> <!-- runners.TestRunner -->
