<?xml version="1.0" encoding="UTF-8"?>
<!-- Generated by org.testng.reporters.JUnitReportReporter -->
<testsuite hostname="MacBookPro.lan" failures="0" tests="1" name="com.aryan.SignupServletTest" time="1.628" errors="0" timestamp="2025-02-24T01:38:55 IST" skipped="0">
  <testcase classname="com.aryan.SignupServletTest" name="testSignup" time="1.628"/>
</testsuite> <!-- com.aryan.SignupServletTest -->
