<?xml version="1.0" encoding="UTF-8"?>
<!-- Generated by org.testng.reporters.JUnitReportReporter -->
<testsuite hostname="MacBookPro.lan" failures="0" tests="1" name="com.aryan.LoginServletTest" time="0.163" errors="0" timestamp="2025-02-24T01:38:55 IST" skipped="0">
  <testcase classname="com.aryan.LoginServletTest" name="testLoginSuccess" time="0.163"/>
</testsuite> <!-- com.aryan.LoginServletTest -->
