<?xml version="1.0" encoding="UTF-8"?>
<!-- Generated by org.testng.reporters.JUnitReportReporter -->
<testsuite hostname="Aryans-MacBook-Pro.local" failures="0" tests="1" name="com.aryan.SignupServletTest" time="1.101" errors="0" timestamp="2025-01-09T00:10:40 IST" skipped="0">
  <testcase classname="com.aryan.SignupServletTest" name="testSignup" time="1.101"/>
</testsuite> <!-- com.aryan.SignupServletTest -->
