<?xml version="1.0" encoding="UTF-8"?>
<!-- Generated by org.testng.reporters.JUnitReportReporter -->
<testsuite hostname="Aryans-MacBook-Pro.local" failures="0" tests="1" name="com.aryan.DatabaseConnectionTest" time="0.563" errors="0" timestamp="2025-03-06T11:30:36 IST" skipped="0">
  <testcase classname="com.aryan.DatabaseConnectionTest" name="testDatabaseConnection" time="0.563"/>
</testsuite> <!-- com.aryan.DatabaseConnectionTest -->
