<?xml version="1.0" encoding="UTF-8"?>
<!-- Generated by org.testng.reporters.JUnitReportReporter -->
<testsuite hostname="Aryans-MacBook-Pro.local" failures="0" tests="1" name="com.aryan.DatabaseConnectionTest" time="0.360" errors="0" timestamp="2024-12-31T01:55:53 IST" skipped="0">
  <testcase classname="com.aryan.DatabaseConnectionTest" name="testDatabaseConnection" time="0.360"/>
</testsuite> <!-- com.aryan.DatabaseConnectionTest -->
