<?xml version="1.0" encoding="UTF-8"?>
<!-- Generated by org.testng.reporters.JUnitReportReporter -->
<testsuite hostname="Aryans-MacBook-Pro.local" failures="0" tests="1" name="com.aryan.DatabaseConnectionTest" time="0.556" errors="0" timestamp="2024-12-29T22:12:10 IST" skipped="0">
  <testcase classname="com.aryan.DatabaseConnectionTest" name="testDatabaseConnection" time="0.556"/>
</testsuite> <!-- com.aryan.DatabaseConnectionTest -->
