<?xml version="1.0" encoding="UTF-8"?>
<!-- Generated by org.testng.reporters.JUnitReportReporter -->
<testsuite hostname="Aryans-MacBook-Pro.local" failures="0" tests="1" name="com.aryan.SignupServletTest" time="1.669" errors="0" timestamp="2025-01-04T00:02:08 IST" skipped="0">
  <testcase classname="com.aryan.SignupServletTest" name="testSignup" time="1.669"/>
</testsuite> <!-- com.aryan.SignupServletTest -->
